
*** Running vivado
    with args -log FSM.vds -m64 -product Vivado -mode batch -messageDb vivado.pb -notrace -source FSM.tcl



****** Vivado v2022.1 (64-bit)
  **** SW Build 3526262 on Mon Apr 18 15:48:16 MDT 2022
  **** IP Build 3524634 on Mon Apr 18 20:55:01 MDT 2022
    ** Copyright 1986-2022 Xilinx, Inc. All Rights Reserved.

source FSM.tcl -notrace
Command: read_checkpoint -auto_incremental -incremental C:/Users/knzyahmed/Downloads/tester-20221209T193127Z-001/whole_project/whole_project.srcs/utils_1/imports/synth_1/FSM.dcp
INFO: [Vivado 12-5825] Read reference checkpoint from C:/Users/knzyahmed/Downloads/tester-20221209T193127Z-001/whole_project/whole_project.srcs/utils_1/imports/synth_1/FSM.dcp for incremental synthesis
INFO: [Vivado 12-7989] Please ensure there are no constraint changes
Command: synth_design -top FSM -part xc7a35tcpg236-1
Starting synth_design
Attempting to get a license for feature 'Synthesis' and/or device 'xc7a35t'
INFO: [Common 17-349] Got license for feature 'Synthesis' and/or device 'xc7a35t'
INFO: [Designutils 20-5440] No compile time benefit to using incremental synthesis; A full resynthesis will be run
INFO: [Designutils 20-4379] Flow is switching to default flow due to incremental criteria not met. If you would like to alter this behaviour and have the flow terminate instead, please set the following parameter config_implementation {autoIncr.Synth.RejectBehavior Terminate}
INFO: [Synth 8-7079] Multithreading enabled for synth_design using a maximum of 2 processes.
INFO: [Synth 8-7078] Launching helper process for spawning children vivado processes
INFO: [Synth 8-7075] Helper process launched with PID 13376
WARNING: [Synth 8-9971] redeclaration of ansi port 'Count' is not allowed [C:/Users/knzyahmed/Downloads/tester-20221209T193127Z-001/whole_project/whole_project.srcs/sources_1/new/upDownCounter.v:6]
---------------------------------------------------------------------------------
Starting Synthesize : Time (s): cpu = 00:00:05 ; elapsed = 00:00:05 . Memory (MB): peak = 1285.941 ; gain = 0.000
---------------------------------------------------------------------------------
INFO: [Synth 8-6157] synthesizing module 'FSM' [C:/Users/knzyahmed/Downloads/tester-20221209T193127Z-001/whole_project/whole_project.srcs/sources_1/new/FSM.v:3]
INFO: [Synth 8-6157] synthesizing module 'pushButtonDetector' [C:/Users/knzyahmed/Downloads/tester-20221209T193127Z-001/whole_project/whole_project.srcs/sources_1/new/pushButtonDetector.v:3]
INFO: [Synth 8-6157] synthesizing module 'clockDivider' [C:/Users/knzyahmed/Downloads/tester-20221209T193127Z-001/whole_project/whole_project.srcs/sources_1/new/clockDivider.v:3]
	Parameter n bound to: 500000 - type: integer 
INFO: [Synth 8-6155] done synthesizing module 'clockDivider' (0#1) [C:/Users/knzyahmed/Downloads/tester-20221209T193127Z-001/whole_project/whole_project.srcs/sources_1/new/clockDivider.v:3]
INFO: [Synth 8-6157] synthesizing module 'debouncer' [C:/Users/knzyahmed/Downloads/tester-20221209T193127Z-001/whole_project/whole_project.srcs/sources_1/new/debouncer.v:3]
INFO: [Synth 8-6155] done synthesizing module 'debouncer' (0#1) [C:/Users/knzyahmed/Downloads/tester-20221209T193127Z-001/whole_project/whole_project.srcs/sources_1/new/debouncer.v:3]
INFO: [Synth 8-6157] synthesizing module 'synchronizer' [C:/Users/knzyahmed/Downloads/tester-20221209T193127Z-001/whole_project/whole_project.srcs/sources_1/new/synchronizer.v:3]
INFO: [Synth 8-6155] done synthesizing module 'synchronizer' (0#1) [C:/Users/knzyahmed/Downloads/tester-20221209T193127Z-001/whole_project/whole_project.srcs/sources_1/new/synchronizer.v:3]
INFO: [Synth 8-6157] synthesizing module 'risingEdgeDetector' [C:/Users/knzyahmed/Downloads/tester-20221209T193127Z-001/whole_project/whole_project.srcs/sources_1/new/risingEdgeDetector.v:3]
INFO: [Synth 8-6155] done synthesizing module 'risingEdgeDetector' (0#1) [C:/Users/knzyahmed/Downloads/tester-20221209T193127Z-001/whole_project/whole_project.srcs/sources_1/new/risingEdgeDetector.v:3]
INFO: [Synth 8-6155] done synthesizing module 'pushButtonDetector' (0#1) [C:/Users/knzyahmed/Downloads/tester-20221209T193127Z-001/whole_project/whole_project.srcs/sources_1/new/pushButtonDetector.v:3]
WARNING: [Synth 8-567] referenced signal 'en' should be on the sensitivity list [C:/Users/knzyahmed/Downloads/tester-20221209T193127Z-001/whole_project/whole_project.srcs/sources_1/new/FSM.v:18]
INFO: [Synth 8-6157] synthesizing module 'minutes_hours_counter' [C:/Users/knzyahmed/Downloads/tester-20221209T193127Z-001/whole_project/whole_project.srcs/sources_1/new/minutes_hours_counter.v:3]
INFO: [Synth 8-6157] synthesizing module 'clockDivider__parameterized0' [C:/Users/knzyahmed/Downloads/tester-20221209T193127Z-001/whole_project/whole_project.srcs/sources_1/new/clockDivider.v:3]
	Parameter n bound to: 5000000 - type: integer 
INFO: [Synth 8-6155] done synthesizing module 'clockDivider__parameterized0' (0#1) [C:/Users/knzyahmed/Downloads/tester-20221209T193127Z-001/whole_project/whole_project.srcs/sources_1/new/clockDivider.v:3]
INFO: [Synth 8-6157] synthesizing module 'binaryCounter' [C:/Users/knzyahmed/Downloads/tester-20221209T193127Z-001/whole_project/whole_project.srcs/sources_1/new/binaryCounter.v:3]
	Parameter x bound to: 4 - type: integer 
	Parameter y bound to: 10 - type: integer 
INFO: [Synth 8-6155] done synthesizing module 'binaryCounter' (0#1) [C:/Users/knzyahmed/Downloads/tester-20221209T193127Z-001/whole_project/whole_project.srcs/sources_1/new/binaryCounter.v:3]
INFO: [Synth 8-6157] synthesizing module 'binaryCounter__parameterized0' [C:/Users/knzyahmed/Downloads/tester-20221209T193127Z-001/whole_project/whole_project.srcs/sources_1/new/binaryCounter.v:3]
	Parameter x bound to: 4 - type: integer 
	Parameter y bound to: 6 - type: integer 
INFO: [Synth 8-6155] done synthesizing module 'binaryCounter__parameterized0' (0#1) [C:/Users/knzyahmed/Downloads/tester-20221209T193127Z-001/whole_project/whole_project.srcs/sources_1/new/binaryCounter.v:3]
INFO: [Synth 8-6157] synthesizing module 'binaryCounter__parameterized1' [C:/Users/knzyahmed/Downloads/tester-20221209T193127Z-001/whole_project/whole_project.srcs/sources_1/new/binaryCounter.v:3]
	Parameter x bound to: 4 - type: integer 
	Parameter y bound to: 3 - type: integer 
INFO: [Synth 8-6155] done synthesizing module 'binaryCounter__parameterized1' (0#1) [C:/Users/knzyahmed/Downloads/tester-20221209T193127Z-001/whole_project/whole_project.srcs/sources_1/new/binaryCounter.v:3]
INFO: [Synth 8-6155] done synthesizing module 'minutes_hours_counter' (0#1) [C:/Users/knzyahmed/Downloads/tester-20221209T193127Z-001/whole_project/whole_project.srcs/sources_1/new/minutes_hours_counter.v:3]
ERROR: [Synth 8-685] variable 'minsUnits' should not be used in output port connection [C:/Users/knzyahmed/Downloads/tester-20221209T193127Z-001/whole_project/whole_project.srcs/sources_1/new/FSM.v:78]
ERROR: [Synth 8-6156] failed synthesizing module 'FSM' [C:/Users/knzyahmed/Downloads/tester-20221209T193127Z-001/whole_project/whole_project.srcs/sources_1/new/FSM.v:3]
---------------------------------------------------------------------------------
Finished Synthesize : Time (s): cpu = 00:00:06 ; elapsed = 00:00:06 . Memory (MB): peak = 1285.941 ; gain = 0.000
---------------------------------------------------------------------------------
synthesize failed
INFO: [Common 17-83] Releasing license: Synthesis
30 Infos, 2 Warnings, 0 Critical Warnings and 3 Errors encountered.
synth_design failed
ERROR: [Common 17-69] Command failed: Vivado Synthesis failed
INFO: [Common 17-206] Exiting Vivado at Sat Dec 10 03:30:19 2022...
